<?xml version="1.0" encoding="UTF-8"?>
<!-- Generated by org.testng.reporters.JUnitXMLReporter -->
<testsuite ignored="0" hostname="CPBs-MacBook-Air.local" failures="1" tests="1" name="Default test" time="12.897" errors="0" timestamp="2024-09-13T08:47:16 IST">
  <testcase classname="io.cucumber.testng.AbstractTestNGCucumberTests" name="runScenario" time="10.883">
    <failure type="java.lang.NullPointerException">
      <![CDATA[java.lang.NullPointerException
at org.openqa.selenium.support.pagefactory.DefaultElementLocator.findElement(DefaultElementLocator.java:68)
at org.openqa.selenium.support.pagefactory.internal.LocatingElementHandler.invoke(LocatingElementHandler.java:38)
at com.sun.proxy.$Proxy23.isDisplayed(Unknown Source)
at POM.HomePage.verifyMobileOption(HomePage.java:37)
at steps.HomePageSteps.user_verifies_mobiles_option(HomePageSteps.java:33)
at ✽.user verifies Mobiles option(file:///Users/machd/eclipse-workspace2/flipkart.automation/src/test/resources/uifeature/HomePage.feature:5)
]]>
    </failure>
  </testcase> <!-- runScenario -->
</testsuite> <!-- Default test -->
