<?xml version="1.0" encoding="UTF-8"?>
<testng-results ignored="0" total="1" passed="0" failed="1" skipped="0">
  <reporter-output>
  </reporter-output>
  <suite started-at="2024-09-13T08:47:03 IST" name="Default suite" finished-at="2024-09-13T08:47:16 IST" duration-ms="12897">
    <groups>
      <group name="cucumber">
        <method signature="AbstractTestNGCucumberTests.runScenario(io.cucumber.testng.PickleWrapper,io.cucumber.testng.FeatureWrapper)[pri:0, instance:runner.campaignRunner@437da279]" name="runScenario" class="io.cucumber.testng.AbstractTestNGCucumberTests"/>
      </group> <!-- cucumber -->
    </groups>
    <test started-at="2024-09-13T08:47:03 IST" name="Default test" finished-at="2024-09-13T08:47:16 IST" duration-ms="12897">
      <class name="runner.campaignRunner">
        <test-method is-config="true" signature="setUpClass(org.testng.ITestContext)[pri:0, instance:runner.campaignRunner@437da279]" started-at="2024-09-13T08:47:03 IST" name="setUpClass" finished-at="2024-09-13T08:47:05 IST" duration-ms="1698" status="PASS">
          <params>
            <param index="0">
              <value>
                <![CDATA[org.testng.TestRunner@7808f638]]>
              </value>
            </param>
          </params>
          <reporter-output>
          </reporter-output>
        </test-method> <!-- setUpClass -->
        <test-method signature="runScenario(io.cucumber.testng.PickleWrapper,io.cucumber.testng.FeatureWrapper)[pri:0, instance:runner.campaignRunner@437da279]" started-at="2024-09-13T08:47:05 IST" name="runScenario" description="Runs Cucumber Scenarios" data-provider="scenarios" finished-at="2024-09-13T08:47:16 IST" duration-ms="10883" status="FAIL">
          <params>
            <param index="0">
              <value>
                <![CDATA["Validate Mobile and Fashion options and click on Mobiles on career option on home page"]]>
              </value>
            </param>
            <param index="1">
              <value>
                <![CDATA["Home page test functionality"]]>
              </value>
            </param>
          </params>
          <exception class="java.lang.NullPointerException">
            <full-stacktrace>
              <![CDATA[java.lang.NullPointerException
at org.openqa.selenium.support.pagefactory.DefaultElementLocator.findElement(DefaultElementLocator.java:68)
at org.openqa.selenium.support.pagefactory.internal.LocatingElementHandler.invoke(LocatingElementHandler.java:38)
at com.sun.proxy.$Proxy23.isDisplayed(Unknown Source)
at POM.HomePage.verifyMobileOption(HomePage.java:37)
at steps.HomePageSteps.user_verifies_mobiles_option(HomePageSteps.java:33)
at ✽.user verifies Mobiles option(file:///Users/machd/eclipse-workspace2/flipkart.automation/src/test/resources/uifeature/HomePage.feature:5)
]]>
            </full-stacktrace>
          </exception> <!-- java.lang.NullPointerException -->
          <reporter-output>
          </reporter-output>
        </test-method> <!-- runScenario -->
        <test-method is-config="true" signature="tearDownClass()[pri:0, instance:runner.campaignRunner@437da279]" started-at="2024-09-13T08:47:16 IST" name="tearDownClass" finished-at="2024-09-13T08:47:16 IST" duration-ms="242" status="PASS">
          <reporter-output>
          </reporter-output>
        </test-method> <!-- tearDownClass -->
      </class> <!-- runner.campaignRunner -->
    </test> <!-- Default test -->
  </suite> <!-- Default suite -->
</testng-results>
