<?xml version="1.0" encoding="UTF-8"?>
<!-- Generated by org.testng.reporters.JUnitReportReporter -->
<testsuite hostname="CPBs-MacBook-Air.local" failures="0" tests="1" name="runner.campaignRunner" time="10.883" errors="1" timestamp="2024-09-13T08:47:16 IST" skipped="0">
  <testcase classname="runner.campaignRunner" name="runScenario" time="10.883">
    <error type="java.lang.NullPointerException">
      <![CDATA[java.lang.NullPointerException
at org.openqa.selenium.support.pagefactory.DefaultElementLocator.findElement(DefaultElementLocator.java:68)
at org.openqa.selenium.support.pagefactory.internal.LocatingElementHandler.invoke(LocatingElementHandler.java:38)
at com.sun.proxy.$Proxy23.isDisplayed(Unknown Source)
at POM.HomePage.verifyMobileOption(HomePage.java:37)
at steps.HomePageSteps.user_verifies_mobiles_option(HomePageSteps.java:33)
at ✽.user verifies Mobiles option(file:///Users/machd/eclipse-workspace2/flipkart.automation/src/test/resources/uifeature/HomePage.feature:5)
]]>
    </error>
  </testcase> <!-- runScenario -->
  <system-out/>
</testsuite> <!-- runner.campaignRunner -->
